<?xml version="1.0" encoding="UTF-8"?>
<!-- Generated by org.testng.reporters.JUnitXMLReporter -->
<testsuite ignored="2" hostname="DESKTOP-95AM98O" failures="0" tests="2" name=" All groups Tests" time="12.66" errors="0" timestamp="2022-10-29T14:05:53 EET">
  <testcase classname="Test1" name="openChrome" time="12.566"/>
  <testcase classname="Test1" name="print" time="0.016"/>
  <testcase classname="Test1" name="tst2" time="0.0">
    <ignored/>
  </testcase> <!-- tst2 -->
  <testcase classname="Test1" name="tst1" time="0.0">
    <ignored/>
  </testcase> <!-- tst1 -->
</testsuite> <!--  All groups Tests -->
