<?xml version="1.0" encoding="UTF-8"?>
<testng-results ignored="2" total="4" passed="2" failed="0" skipped="0">
  <reporter-output>
  </reporter-output>
  <suite started-at="2022-10-29T14:05:40 EET" name="ITI Automation Project" finished-at="2022-10-29T14:05:53 EET" duration-ms="12660">
    <groups>
    </groups>
    <test started-at="2022-10-29T14:05:40 EET" name=" All groups Tests" finished-at="2022-10-29T14:05:53 EET" duration-ms="12660">
      <class name="Test1">
        <test-method signature="openChrome()[pri:0, instance:Test1@2053d869]" started-at="2022-10-29T14:05:40 EET" name="openChrome" finished-at="2022-10-29T14:05:53 EET" duration-ms="12566" status="PASS">
          <reporter-output>
          </reporter-output>
        </test-method> <!-- openChrome -->
        <test-method signature="print()[pri:0, instance:Test1@2053d869]" started-at="2022-10-29T14:05:53 EET" name="print" finished-at="2022-10-29T14:05:53 EET" duration-ms="16" status="PASS">
          <reporter-output>
          </reporter-output>
        </test-method> <!-- print -->
      </class> <!-- Test1 -->
    </test> <!--  All groups Tests -->
  </suite> <!-- ITI Automation Project -->
</testng-results>
